Build started 9/13/2015 4:15:01 PM.
     1>Project "C:\Users\Dali Wei\Documents\Visual Studio 2005\Projects\VirtualFunctionExample\VirtualFunctionExample\VirtualFunctionExample.vcxproj" on node 2 (build target(s)).
     1>InitializeBuildStatus:
         Touching "Debug\VirtualFunctionExample.unsuccessfulbuild".
       ClCompile:
         All outputs are up-to-date.
         C:\Program Files (x86)\Microsoft Visual Studio 10.0\VC\bin\CL.exe /c /ZI /nologo /W3 /WX- /Od /Oy- /D WIN32 /D _DEBUG /D _CONSOLE /D _UNICODE /D UNICODE /Gm /EHsc /RTC1 /MDd /GS /fp:precise /Zc:wchar_t /Zc:forScope /Yu"StdAfx.h" /Fp"Debug\VirtualFunctionExample.pch" /Fo"Debug\\" /Fd"Debug\vc100.pdb" /Gd /TP /analyze- /errorReport:prompt Animal.cpp Cat.cpp VirtualFunctionExample.cpp
         VirtualFunctionExample.cpp
     1>c:\users\dali wei\documents\visual studio 2005\projects\virtualfunctionexample\virtualfunctionexample\virtualfunctionexample.cpp(17): error C2259: 'Animal' : cannot instantiate abstract class
                 due to following members:
                 'void Animal::play(void)' : is abstract
                 c:\users\dali wei\documents\visual studio 2005\projects\virtualfunctionexample\virtualfunctionexample\animal.h(9) : see declaration of 'Animal::play'
     1>c:\users\dali wei\documents\visual studio 2005\projects\virtualfunctionexample\virtualfunctionexample\virtualfunctionexample.cpp(20): error C2259: 'Cat' : cannot instantiate abstract class
                 due to following members:
                 'void Animal::play(void)' : is abstract
                 c:\users\dali wei\documents\visual studio 2005\projects\virtualfunctionexample\virtualfunctionexample\animal.h(9) : see declaration of 'Animal::play'
         Cat.cpp
         Animal.cpp
         Generating Code...
     1>Done Building Project "C:\Users\Dali Wei\Documents\Visual Studio 2005\Projects\VirtualFunctionExample\VirtualFunctionExample\VirtualFunctionExample.vcxproj" (build target(s)) -- FAILED.

Build FAILED.

Time Elapsed 00:00:01.87
